  stdafx.cpp
  Bestiole.cpp
W:\Développé-Couché\program\C\Life_Form_Simluation\Life_Form_Simluation\BestioleShape.h(76,11): warning C4244: 'initialisation' : conversion de 'float' en 'int', perte possible de données
W:\Développé-Couché\program\C\Life_Form_Simluation\Life_Form_Simluation\Bestiole.cpp(67,19): warning C4244: 'argument' : conversion de 'double' en 'float', perte possible de données
  Cerveau.cpp
  Collision.cpp
W:\Développé-Couché\program\C\Life_Form_Simluation\Life_Form_Simluation\BestioleShape.h(76,11): warning C4244: 'initialisation' : conversion de 'float' en 'int', perte possible de données
W:\Développé-Couché\program\C\Life_Form_Simluation\Life_Form_Simluation\Collision.cpp(169,43): warning C4244: 'argument' : conversion de 'int' en 'T', perte possible de données
          with
          [
              T=float
          ]
W:\Développé-Couché\program\C\Life_Form_Simluation\Life_Form_Simluation\Collision.cpp(169,23): warning C4244: 'argument' : conversion de 'int' en 'T', perte possible de données
          with
          [
              T=float
          ]
  Loop.cpp
W:\Développé-Couché\program\C\Life_Form_Simluation\Life_Form_Simluation\BestioleShape.h(76,11): warning C4244: 'initialisation' : conversion de 'float' en 'int', perte possible de données
W:\Développé-Couché\program\C\Life_Form_Simluation\Life_Form_Simluation\Loop.cpp(79,28): warning C4244: 'argument' : conversion de 'float' en 'unsigned int', perte possible de données
W:\Développé-Couché\program\C\Life_Form_Simluation\Life_Form_Simluation\Manager.h(96,33): warning C4244: 'argument' : conversion de '_Ty' en 'float', perte possible de données
          with
          [
              _Ty=unsigned int
          ]
W:\Développé-Couché\program\C\Life_Form_Simluation\Life_Form_Simluation\Loop.cpp(19): message : voir la référence à l'instanciation de la fonction modèle 'T &Entity::AddComponent<PolyCollider,Loop::groupLabels,sf::Vector2f,unsigned int,unsigned int,bool>(Loop::groupLabels &&,sf::Vector2f &&,unsigned int &&,unsigned int &&,bool &&)' en cours de compilation
          with
          [
              T=PolyCollider
          ]
  Main.cpp
  Manager.cpp
  NeuroneLayer.cpp
  RayCast.cpp
W:\Développé-Couché\program\C\Life_Form_Simluation\Life_Form_Simluation\BestioleShape.h(76,11): warning C4244: 'initialisation' : conversion de 'float' en 'int', perte possible de données
  Vecteur2.cpp
W:\Développé-Couché\program\C\Life_Form_Simluation\Life_Form_Simluation\Vecteur2.cpp(13,14): warning C4244: '=' : conversion de 'double' en 'T', perte possible de données
          with
          [
              T=float
          ]
W:\Développé-Couché\program\C\Life_Form_Simluation\Life_Form_Simluation\Vecteur2.cpp(14,14): warning C4244: '=' : conversion de 'double' en 'T', perte possible de données
          with
          [
              T=float
          ]
Bestiole.obj : error LNK2001: symbole externe non résolu "__declspec(dllimport) public: __cdecl sf::CircleShape::CircleShape(float,unsigned __int64)" (__imp_??0CircleShape@sf@@QEAA@M_K@Z)
Bestiole.obj : error LNK2001: symbole externe non résolu "__declspec(dllimport) public: __cdecl sf::Vertex::Vertex(class sf::Vector2<float> const &,class sf::Color const &)" (__imp_??0Vertex@sf@@QEAA@AEBV?$Vector2@M@1@AEBVColor@1@@Z)
Bestiole.obj : error LNK2001: symbole externe non résolu "__declspec(dllimport) public: static class sf::Color const sf::Color::Black" (__imp_?Black@Color@sf@@2V12@B)
Bestiole.obj : error LNK2001: symbole externe non résolu "__declspec(dllimport) public: static class sf::Color const sf::Color::Blue" (__imp_?Blue@Color@sf@@2V12@B)
Bestiole.obj : error LNK2001: symbole externe non résolu "__declspec(dllimport) public: static class sf::Color const sf::Color::Red" (__imp_?Red@Color@sf@@2V12@B)
Bestiole.obj : error LNK2001: symbole externe non résolu "__declspec(dllimport) public: __cdecl sf::Color::Color(unsigned char,unsigned char,unsigned char,unsigned char)" (__imp_??0Color@sf@@QEAA@EEEE@Z)
Bestiole.obj : error LNK2001: symbole externe non résolu "__declspec(dllimport) public: void __cdecl sf::CircleShape::setRadius(float)" (__imp_?setRadius@CircleShape@sf@@QEAAXM@Z)
Bestiole.obj : error LNK2001: symbole externe non résolu "__declspec(dllimport) public: void __cdecl sf::Shape::setFillColor(class sf::Color const &)" (__imp_?setFillColor@Shape@sf@@QEAAXAEBVColor@2@@Z)
Bestiole.obj : error LNK2001: symbole externe non résolu "__declspec(dllimport) public: static class sf::Color const sf::Color::White" (__imp_?White@Color@sf@@2V12@B)
Bestiole.obj : error LNK2001: symbole externe non résolu "__declspec(dllimport) public: void __cdecl sf::Shape::setOutlineThickness(float)" (__imp_?setOutlineThickness@Shape@sf@@QEAAXM@Z)
Bestiole.obj : error LNK2001: symbole externe non résolu "__declspec(dllimport) public: void __cdecl sf::Shape::setOutlineColor(class sf::Color const &)" (__imp_?setOutlineColor@Shape@sf@@QEAAXAEBVColor@2@@Z)
Bestiole.obj : error LNK2001: symbole externe non résolu "__declspec(dllimport) public: void __cdecl sf::RenderTarget::draw(class sf::Drawable const &,class sf::RenderStates const &)" (__imp_?draw@RenderTarget@sf@@QEAAXAEBVDrawable@2@AEBVRenderStates@2@@Z)
Bestiole.obj : error LNK2001: symbole externe non résolu "__declspec(dllimport) public: static class sf::RenderStates const sf::RenderStates::Default" (__imp_?Default@RenderStates@sf@@2V12@B)
Bestiole.obj : error LNK2001: symbole externe non résolu "__declspec(dllimport) public: void __cdecl sf::RenderTarget::draw(class sf::Vertex const *,unsigned __int64,enum sf::PrimitiveType,class sf::RenderStates const &)" (__imp_?draw@RenderTarget@sf@@QEAAXPEBVVertex@2@_KW4PrimitiveType@2@AEBVRenderStates@2@@Z)
Bestiole.obj : error LNK2001: symbole externe non résolu "__declspec(dllimport) public: void __cdecl sf::Transformable::setPosition(class sf::Vector2<float> const &)" (__imp_?setPosition@Transformable@sf@@QEAAXAEBV?$Vector2@M@2@@Z)
Bestiole.obj : error LNK2001: symbole externe non résolu "__declspec(dllimport) public: __cdecl sf::Vertex::Vertex(void)" (__imp_??0Vertex@sf@@QEAA@XZ)
Bestiole.obj : error LNK2001: symbole externe non résolu "__declspec(dllimport) public: virtual __cdecl sf::CircleShape::~CircleShape(void)" (__imp_??1CircleShape@sf@@UEAA@XZ)
Loop.obj : error LNK2001: symbole externe non résolu "__declspec(dllimport) public: __cdecl sf::RenderWindow::RenderWindow(class sf::VideoMode,class sf::String const &,unsigned int,struct sf::ContextSettings const &)" (__imp_??0RenderWindow@sf@@QEAA@VVideoMode@1@AEBVString@1@IAEBUContextSettings@1@@Z)
Loop.obj : error LNK2001: symbole externe non résolu "__declspec(dllimport) public: __cdecl sf::String::String(char const *,class std::locale const &)" (__imp_??0String@sf@@QEAA@PEBDAEBVlocale@std@@@Z)
Loop.obj : error LNK2001: symbole externe non résolu "__declspec(dllimport) public: __cdecl sf::VideoMode::VideoMode(unsigned int,unsigned int,unsigned int)" (__imp_??0VideoMode@sf@@QEAA@III@Z)
Loop.obj : error LNK2001: symbole externe non résolu "__declspec(dllimport) public: void __cdecl sf::Window::setFramerateLimit(unsigned int)" (__imp_?setFramerateLimit@Window@sf@@QEAAXI@Z)
Loop.obj : error LNK2001: symbole externe non résolu "__declspec(dllimport) public: virtual __cdecl sf::RenderWindow::~RenderWindow(void)" (__imp_??1RenderWindow@sf@@UEAA@XZ)
Loop.obj : error LNK2001: symbole externe non résolu "__declspec(dllimport) public: bool __cdecl sf::Window::pollEvent(class sf::Event &)" (__imp_?pollEvent@Window@sf@@QEAA_NAEAVEvent@2@@Z)
Loop.obj : error LNK2001: symbole externe non résolu "__declspec(dllimport) public: void __cdecl sf::Window::close(void)" (__imp_?close@Window@sf@@QEAAXXZ)
Loop.obj : error LNK2001: symbole externe non résolu "__declspec(dllimport) public: static bool __cdecl sf::Keyboard::isKeyPressed(enum sf::Keyboard::Key)" (__imp_?isKeyPressed@Keyboard@sf@@SA_NW4Key@12@@Z)
Loop.obj : error LNK2001: symbole externe non résolu "__declspec(dllimport) public: bool __cdecl sf::Window::isOpen(void)const " (__imp_?isOpen@Window@sf@@QEBA_NXZ)
Loop.obj : error LNK2001: symbole externe non résolu "__declspec(dllimport) public: void __cdecl sf::RenderTarget::clear(class sf::Color const &)" (__imp_?clear@RenderTarget@sf@@QEAAXAEBVColor@2@@Z)
Loop.obj : error LNK2001: symbole externe non résolu "__declspec(dllimport) public: void __cdecl sf::Window::display(void)" (__imp_?display@Window@sf@@QEAAXXZ)
Loop.obj : error LNK2001: symbole externe non résolu "__declspec(dllimport) public: virtual class sf::Vector2<unsigned int> __cdecl sf::RenderWindow::getSize(void)const " (__imp_?getSize@RenderWindow@sf@@UEBA?AV?$Vector2@I@2@XZ)
Loop.obj : error LNK2001: symbole externe non résolu "__declspec(dllimport) protected: virtual void __cdecl sf::RenderWindow::onCreate(void)" (__imp_?onCreate@RenderWindow@sf@@MEAAXXZ)
Loop.obj : error LNK2001: symbole externe non résolu "__declspec(dllimport) protected: virtual void __cdecl sf::RenderWindow::onResize(void)" (__imp_?onResize@RenderWindow@sf@@MEAAXXZ)
Loop.obj : error LNK2001: symbole externe non résolu "__declspec(dllimport) public: virtual bool __cdecl sf::RenderWindow::setActive(bool)" (__imp_?setActive@RenderWindow@sf@@UEAA_N_N@Z)
Loop.obj : error LNK2001: symbole externe non résolu "__declspec(dllimport) public: __cdecl sf::String::~String(void)" (__imp_??1String@sf@@QEAA@XZ)
RayCast.obj : error LNK2001: symbole externe non résolu "__declspec(dllimport) public: static class sf::Color const sf::Color::Green" (__imp_?Green@Color@sf@@2V12@B)
W:\Développé-Couché\program\C\Life_Form_Simluation\x64\Release\Life_Form_Simluation.exe : fatal error LNK1120: 34 externes non résolus
